<?xml version="1.0" encoding="UTF-8"?>
<testsuite name="com.example.MutantePrueba.MutantePruebaApplicationTests" tests="1" skipped="0" failures="0" errors="0" timestamp="2024-11-03T01:51:14" hostname="DESKTOP-DGD8OM7" time="6.749">
  <properties/>
  <testcase name="testIsMutant()" classname="com.example.MutantePrueba.MutantePruebaApplicationTests" time="6.749"/>
  <system-out><![CDATA[22:50:44.841 [Test worker] INFO org.springframework.test.context.support.AnnotationConfigContextLoaderUtils -- Could not detect default configuration classes for test class [com.example.MutantePrueba.MutantePruebaApplicationTests]: MutantePruebaApplicationTests does not declare any static, non-private, non-final, nested classes annotated with @Configuration.
22:50:45.281 [Test worker] INFO org.springframework.boot.test.context.SpringBootTestContextBootstrapper -- Found @SpringBootConfiguration com.example.MutantePrueba.MutantePruebaApplication for test class com.example.MutantePrueba.MutantePruebaApplicationTests

  .   ____          _            __ _ _
 /\\ / ___'_ __ _ _(_)_ __  __ _ \ \ \ \
( ( )\___ | '_ | '_| | '_ \/ _` | \ \ \ \
 \\/  ___)| |_)| | | | | || (_| |  ) ) ) )
  '  |____| .__|_| |_|_| |_\__, | / / / /
 =========|_|==============|___/=/_/_/_/

 :: Spring Boot ::                (v3.3.5)

2024-11-02T22:50:46.751-03:00  INFO 20640 --- [MutantePrueba] [    Test worker] c.e.M.MutantePruebaApplicationTests      : Starting MutantePruebaApplicationTests using Java 17.0.12 with PID 20640 (started by Kevin in C:\Users\Kevin.DESKTOP-DGD8OM7\Desktop\MutantePrueba)
2024-11-02T22:50:46.766-03:00  INFO 20640 --- [MutantePrueba] [    Test worker] c.e.M.MutantePruebaApplicationTests      : No active profile set, falling back to 1 default profile: "default"
2024-11-02T22:50:48.241-03:00  INFO 20640 --- [MutantePrueba] [    Test worker] .s.d.r.c.RepositoryConfigurationDelegate : Bootstrapping Spring Data JPA repositories in DEFAULT mode.
2024-11-02T22:50:48.381-03:00  INFO 20640 --- [MutantePrueba] [    Test worker] .s.d.r.c.RepositoryConfigurationDelegate : Finished Spring Data repository scanning in 115 ms. Found 1 JPA repository interface.
2024-11-02T22:50:50.258-03:00  INFO 20640 --- [MutantePrueba] [    Test worker] o.hibernate.jpa.internal.util.LogHelper  : HHH000204: Processing PersistenceUnitInfo [name: default]
2024-11-02T22:50:50.957-03:00  INFO 20640 --- [MutantePrueba] [    Test worker] org.hibernate.Version                    : HHH000412: Hibernate ORM core version 6.5.3.Final
2024-11-02T22:50:51.269-03:00  INFO 20640 --- [MutantePrueba] [    Test worker] o.h.c.internal.RegionFactoryInitiator    : HHH000026: Second-level cache disabled
2024-11-02T22:50:54.552-03:00  INFO 20640 --- [MutantePrueba] [    Test worker] o.s.o.j.p.SpringPersistenceUnitInfo      : No LoadTimeWeaver setup: ignoring JPA class transformer
2024-11-02T22:50:55.302-03:00  INFO 20640 --- [MutantePrueba] [    Test worker] com.zaxxer.hikari.HikariDataSource       : HikariPool-1 - Starting...
2024-11-02T22:50:57.160-03:00  INFO 20640 --- [MutantePrueba] [    Test worker] com.zaxxer.hikari.pool.HikariPool        : HikariPool-1 - Added connection conn0: url=jdbc:h2:mem:testdb user=SA
2024-11-02T22:50:57.176-03:00  INFO 20640 --- [MutantePrueba] [    Test worker] com.zaxxer.hikari.HikariDataSource       : HikariPool-1 - Start completed.
2024-11-02T22:50:57.917-03:00  WARN 20640 --- [MutantePrueba] [    Test worker] org.hibernate.orm.deprecation            : HHH90000025: H2Dialect does not need to be specified explicitly using 'hibernate.dialect' (remove the property setting and it will be selected by default)
2024-11-02T22:51:05.546-03:00  INFO 20640 --- [MutantePrueba] [    Test worker] o.h.e.t.j.p.i.JtaPlatformInitiator       : HHH000489: No JTA platform available (set 'hibernate.transaction.jta.platform' to enable JTA platform integration)
2024-11-02T22:51:05.733-03:00  INFO 20640 --- [MutantePrueba] [    Test worker] j.LocalContainerEntityManagerFactoryBean : Initialized JPA EntityManagerFactory for persistence unit 'default'
2024-11-02T22:51:07.747-03:00  INFO 20640 --- [MutantePrueba] [    Test worker] o.s.d.j.r.query.QueryEnhancerFactory     : Hibernate is in classpath; If applicable, HQL parser will be used.
2024-11-02T22:51:11.379-03:00  WARN 20640 --- [MutantePrueba] [    Test worker] JpaBaseConfiguration$JpaWebConfiguration : spring.jpa.open-in-view is enabled by default. Therefore, database queries may be performed during view rendering. Explicitly configure spring.jpa.open-in-view to disable this warning
2024-11-02T22:51:14.433-03:00  INFO 20640 --- [MutantePrueba] [    Test worker] o.s.b.a.h2.H2ConsoleAutoConfiguration    : H2 console available at '/h2-console'. Database available at 'jdbc:h2:mem:testdb'
2024-11-02T22:51:14.792-03:00  INFO 20640 --- [MutantePrueba] [    Test worker] c.e.M.MutantePruebaApplicationTests      : Started MutantePruebaApplicationTests in 28.682 seconds (process running for 35.269)

Esta es la matriz que ingresaste
|-----------|
ATGCGA
CAGTGC
TTATGT
AGAAGG
CCCCTA
TCACTG
|-----------|
¿ El DNA que ingresaste es de un mutante ?true

Esta es la matriz que ingresaste
|-----------|
ATGCGA
CAGTGC
TTATTT
AGACGG
GCGTCA
TCACTG
|-----------|
¿ El DNA que ingresaste es de un mutante ?false

Esta es la matriz que ingresaste
|-----------|
ATGCGA
CAGTGC
TAATGT
AGAAGG
CCCCAT
TCACTA
|-----------|
¿ El DNA que ingresaste es de un mutante ?true

Esta es la matriz que ingresaste
|-----------|

|-----------|
¿ El DNA que ingresaste es de un mutante ?false

Esta es la matriz que ingresaste
|-----------|
ATGCGA
CAGTGC
TTATGT
AGAAGG
CCCCTA
|-----------|
La matriz debe ser de NxN.

Esta es la matriz que ingresaste
|-----------|
123456
125648
127456
128423
986145
512648
|-----------|
¿ El DNA que ingresaste es de un mutante ?true

Esta es la matriz que ingresaste
|-----------|
La matriz es nula.
|-----------|
]]></system-out>
  <system-err><![CDATA[]]></system-err>
</testsuite>
